Sat Apr  9 19:46:59 HSP 2022: 
 hashmap.c | 25 +++++++++++++++++++++++--
 1 file changed, 23 insertions(+), 2 deletions(-)
In file included from test.c:4:0:
hashmap.c: In function 'createMap':
hashmap.c:78:1: error: control reaches end of non-void function [-Werror=return-type]
 }
 ^
cc1.exe: all warnings being treated as errors
Compilation failed
2a07b12
Sat Apr  9 19:47:35 HSP 2022: 
 hashmap.c | 2 +-
 1 file changed, 1 insertion(+), 1 deletion(-)
 tests:  0|6
total_score: 0/70
d4dd319
Sat Apr  9 19:51:36 HSP 2022: 
 hashmap.c | 4 ----
 1 file changed, 4 deletions(-)
 tests:  0|6
total_score: 0/70
6af80d2
Sat Apr  9 19:53:45 HSP 2022: 
 hashmap.c | 8 +++-----
 1 file changed, 3 insertions(+), 5 deletions(-)
 tests:  4|5
total_score: 20/70
c418d97
Sat Apr  9 19:55:14 HSP 2022: 
 hashmap.c | 2 +-
 1 file changed, 1 insertion(+), 1 deletion(-)
 tests:  0|6
total_score: 0/70
de6e7f2
Sat Apr  9 19:55:51 HSP 2022: 
 hashmap.c | 2 +-
 1 file changed, 1 insertion(+), 1 deletion(-)
 tests:  4|5
total_score: 20/70
8c44103
Sat Apr  9 19:57:15 HSP 2022: 
 hashmap.c | 2 +-
 1 file changed, 1 insertion(+), 1 deletion(-)
 tests:  4|5
total_score: 20/70
1c4b97e
Sat Apr  9 20:12:11 HSP 2022: 
 hashmap.c | 8 +++++++-
 1 file changed, 7 insertions(+), 1 deletion(-)
In file included from test.c:4:0:
hashmap.c: In function 'createMap':
hashmap.c:72:22: error: assignment from incompatible pointer type [-Werror=incompatible-pointer-types]
     nuevo -> buckets = (Pair*) calloc(capacity, sizeof(Pair));
                      ^
cc1.exe: all warnings being treated as errors
Compilation failed
e99348c
Sat Apr  9 20:12:56 HSP 2022: 
 hashmap.c | 2 +-
 1 file changed, 1 insertion(+), 1 deletion(-)
 tests:  5|4
total_score: 30/70
2a24772
Sun Apr 10 16:04:47 HSP 2022: 
 hashmap.c | 26 +++++++++++++++++++++++---
 1 file changed, 23 insertions(+), 3 deletions(-)
 tests:  6|4
total_score: 30/70
e7dc653
Sun Apr 10 16:06:39 HSP 2022: 
 hashmap.c | 8 ++++----
 1 file changed, 4 insertions(+), 4 deletions(-)
 tests:  8|3
total_score: 40/70
363568d
Sun Apr 10 16:07:26 HSP 2022: 
 hashmap.c | 3 +--
 1 file changed, 1 insertion(+), 2 deletions(-)
 tests:  8|3
total_score: 40/70
b52437c
Sun Apr 10 16:14:35 HSP 2022: 
 hashmap.c | 7 +++++--
 1 file changed, 5 insertions(+), 2 deletions(-)
 tests:  6|4
total_score: 30/70
e654cc0
Sun Apr 10 17:34:14 HSP 2022: 
 hashmap.c | 7 ++-----
 1 file changed, 2 insertions(+), 5 deletions(-)
 tests:  8|3
total_score: 40/70
93d4ea7
Sun Apr 10 17:25:43 HSP 2022: 
 hashmap.c | 6 ++----
 1 file changed, 2 insertions(+), 4 deletions(-)
 tests:  8|3
total_score: 40/70
80bb7c7
Sun Apr 10 17:36:05 HSP 2022: 
 hashmap.c | 11 +++++++++++
 1 file changed, 11 insertions(+)
In file included from test.c:4:0:
hashmap.c: In function 'eraseMap':
hashmap.c:104:26: error: 'return' with a value, in function returning void [-Werror]
     return map -> buckets[i];
            ~~~~~~~~~~~~~~^~~
hashmap.c:91:6: note: declared here
 void eraseMap(HashMap * map,  char * key) {
      ^~~~~~~~
cc1.exe: all warnings being treated as errors
Compilation failed
2366d7c
Sun Apr 10 17:36:25 HSP 2022: 
 hashmap.c | 4 ++--
 1 file changed, 2 insertions(+), 2 deletions(-)
 tests:  0|0
e4dcb0c
Sun Apr 10 17:43:09 HSP 2022: 
 hashmap.c | 4 ++--
 1 file changed, 2 insertions(+), 2 deletions(-)
 tests:  11|2
total_score: 50/70
fdb437e
Sun Apr 10 17:43:33 HSP 2022: 
 hashmap.c | 3 ---
 1 file changed, 3 deletions(-)
 tests:  11|2
total_score: 50/70
429bc11
Sun Apr 10 18:11:32 HSP 2022: 
 hashmap.c | 5 ++++-
 1 file changed, 4 insertions(+), 1 deletion(-)
 tests:  12|2
total_score: 50/70
dba4dd6
Sun Apr 10 18:13:27 HSP 2022: 
 hashmap.c | 11 +++++++++--
 1 file changed, 9 insertions(+), 2 deletions(-)
 tests:  14|2
total_score: 50/70
2c985c2
Sun Apr 10 18:15:21 HSP 2022: 
 hashmap.c | 5 +----
 1 file changed, 1 insertion(+), 4 deletions(-)
test.c: In function 'nextMap':
test.c:453:5: error: 'main' is normally a non-static function [-Werror=main]
 int main( int argc, char *argv[] ) {
     ^~~~
test.c:511:1: error: expected declaration or statement at end of input
 }
 ^
test.c:511:1: error: control reaches end of non-void function [-Werror=return-type]
 }
 ^
At top level:
test.c:453:5: error: 'main' defined but not used [-Werror=unused-function]
 int main( int argc, char *argv[] ) {
     ^~~~
test.c:217:5: error: 'insert_test5' defined but not used [-Werror=unused-function]
 int insert_test5(){ //factor de carga>0.7, se llama a función enlarge
     ^~~~~~~~~~~~
test.c:131:6: error: 'compare_test' defined but not used [-Werror=unused-function]
 void compare_test(){
      ^~~~~~~~~~~~
test.c:125:6: error: 'hash_test3' defined but not used [-Werror=unused-function]
 void hash_test3(){ //no random
      ^~~~~~~~~~
test.c:111:6: error: 'hash_test2' defined but not used [-Werror=unused-function]
 void hash_test2(){ // colisiones
      ^~~~~~~~~~
test.c:100:6: error: 'hash_test1' defined but not used [-Werror=unused-function]
 void hash_test1(){ // posición válida
      ^~~~~~~~~~
cc1.exe: all warnings being treated as errors
Compilation failed
21246f3
Sun Apr 10 18:17:48 HSP 2022: 
 hashmap.c | 2 +-
 1 file changed, 1 insertion(+), 1 deletion(-)
test.c: In function 'nextMap':
test.c:453:5: error: 'main' is normally a non-static function [-Werror=main]
 int main( int argc, char *argv[] ) {
     ^~~~
test.c:511:1: error: expected declaration or statement at end of input
 }
 ^
test.c:511:1: error: control reaches end of non-void function [-Werror=return-type]
 }
 ^
At top level:
test.c:453:5: error: 'main' defined but not used [-Werror=unused-function]
 int main( int argc, char *argv[] ) {
     ^~~~
test.c:217:5: error: 'insert_test5' defined but not used [-Werror=unused-function]
 int insert_test5(){ //factor de carga>0.7, se llama a función enlarge
     ^~~~~~~~~~~~
test.c:131:6: error: 'compare_test' defined but not used [-Werror=unused-function]
 void compare_test(){
      ^~~~~~~~~~~~
test.c:125:6: error: 'hash_test3' defined but not used [-Werror=unused-function]
 void hash_test3(){ //no random
      ^~~~~~~~~~
test.c:111:6: error: 'hash_test2' defined but not used [-Werror=unused-function]
 void hash_test2(){ // colisiones
      ^~~~~~~~~~
test.c:100:6: error: 'hash_test1' defined but not used [-Werror=unused-function]
 void hash_test1(){ // posición válida
      ^~~~~~~~~~
cc1.exe: all warnings being treated as errors
Compilation failed
dff1055
Sun Apr 10 18:19:08 HSP 2022: 
 hashmap.c | 4 +---
 1 file changed, 1 insertion(+), 3 deletions(-)
test.c: In function 'nextMap':
test.c:453:5: error: 'main' is normally a non-static function [-Werror=main]
 int main( int argc, char *argv[] ) {
     ^~~~
test.c:511:1: error: expected declaration or statement at end of input
 }
 ^
test.c:511:1: error: control reaches end of non-void function [-Werror=return-type]
 }
 ^
At top level:
test.c:453:5: error: 'main' defined but not used [-Werror=unused-function]
 int main( int argc, char *argv[] ) {
     ^~~~
test.c:217:5: error: 'insert_test5' defined but not used [-Werror=unused-function]
 int insert_test5(){ //factor de carga>0.7, se llama a función enlarge
     ^~~~~~~~~~~~
test.c:131:6: error: 'compare_test' defined but not used [-Werror=unused-function]
 void compare_test(){
      ^~~~~~~~~~~~
test.c:125:6: error: 'hash_test3' defined but not used [-Werror=unused-function]
 void hash_test3(){ //no random
      ^~~~~~~~~~
test.c:111:6: error: 'hash_test2' defined but not used [-Werror=unused-function]
 void hash_test2(){ // colisiones
      ^~~~~~~~~~
test.c:100:6: error: 'hash_test1' defined but not used [-Werror=unused-function]
 void hash_test1(){ // posición válida
      ^~~~~~~~~~
cc1.exe: all warnings being treated as errors
Compilation failed
ffac2ad
Sun Apr 10 20:29:16 HSP 2022: 
 hashmap.c | 4 ++--
 1 file changed, 2 insertions(+), 2 deletions(-)
test.c: In function 'nextMap':
test.c:453:5: error: 'main' is normally a non-static function [-Werror=main]
 int main( int argc, char *argv[] ) {
     ^~~~
test.c:511:1: error: expected declaration or statement at end of input
 }
 ^
test.c:511:1: error: control reaches end of non-void function [-Werror=return-type]
 }
 ^
At top level:
test.c:453:5: error: 'main' defined but not used [-Werror=unused-function]
 int main( int argc, char *argv[] ) {
     ^~~~
test.c:217:5: error: 'insert_test5' defined but not used [-Werror=unused-function]
 int insert_test5(){ //factor de carga>0.7, se llama a función enlarge
     ^~~~~~~~~~~~
test.c:131:6: error: 'compare_test' defined but not used [-Werror=unused-function]
 void compare_test(){
      ^~~~~~~~~~~~
test.c:125:6: error: 'hash_test3' defined but not used [-Werror=unused-function]
 void hash_test3(){ //no random
      ^~~~~~~~~~
test.c:111:6: error: 'hash_test2' defined but not used [-Werror=unused-function]
 void hash_test2(){ // colisiones
      ^~~~~~~~~~
test.c:100:6: error: 'hash_test1' defined but not used [-Werror=unused-function]
 void hash_test1(){ // posición válida
      ^~~~~~~~~~
cc1.exe: all warnings being treated as errors
Compilation failed
14d14e3
Sun Apr 10 20:34:40 HSP 2022: 
 hashmap.c | 6 +++---
 1 file changed, 3 insertions(+), 3 deletions(-)
test.c: In function 'nextMap':
test.c:453:5: error: 'main' is normally a non-static function [-Werror=main]
 int main( int argc, char *argv[] ) {
     ^~~~
test.c:511:1: error: expected declaration or statement at end of input
 }
 ^
test.c:511:1: error: control reaches end of non-void function [-Werror=return-type]
 }
 ^
At top level:
test.c:453:5: error: 'main' defined but not used [-Werror=unused-function]
 int main( int argc, char *argv[] ) {
     ^~~~
test.c:217:5: error: 'insert_test5' defined but not used [-Werror=unused-function]
 int insert_test5(){ //factor de carga>0.7, se llama a función enlarge
     ^~~~~~~~~~~~
test.c:131:6: error: 'compare_test' defined but not used [-Werror=unused-function]
 void compare_test(){
      ^~~~~~~~~~~~
test.c:125:6: error: 'hash_test3' defined but not used [-Werror=unused-function]
 void hash_test3(){ //no random
      ^~~~~~~~~~
test.c:111:6: error: 'hash_test2' defined but not used [-Werror=unused-function]
 void hash_test2(){ // colisiones
      ^~~~~~~~~~
test.c:100:6: error: 'hash_test1' defined but not used [-Werror=unused-function]
 void hash_test1(){ // posición válida
      ^~~~~~~~~~
cc1.exe: all warnings being treated as errors
Compilation failed
eac4e7f
Sun Apr 10 20:38:40 HSP 2022: 
 hashmap.c | 6 +++---
 1 file changed, 3 insertions(+), 3 deletions(-)
test.c: In function 'nextMap':
test.c:453:5: error: 'main' is normally a non-static function [-Werror=main]
 int main( int argc, char *argv[] ) {
     ^~~~
test.c:511:1: error: expected declaration or statement at end of input
 }
 ^
test.c:511:1: error: control reaches end of non-void function [-Werror=return-type]
 }
 ^
At top level:
test.c:453:5: error: 'main' defined but not used [-Werror=unused-function]
 int main( int argc, char *argv[] ) {
     ^~~~
test.c:217:5: error: 'insert_test5' defined but not used [-Werror=unused-function]
 int insert_test5(){ //factor de carga>0.7, se llama a función enlarge
     ^~~~~~~~~~~~
test.c:131:6: error: 'compare_test' defined but not used [-Werror=unused-function]
 void compare_test(){
      ^~~~~~~~~~~~
test.c:125:6: error: 'hash_test3' defined but not used [-Werror=unused-function]
 void hash_test3(){ //no random
      ^~~~~~~~~~
test.c:111:6: error: 'hash_test2' defined but not used [-Werror=unused-function]
 void hash_test2(){ // colisiones
      ^~~~~~~~~~
test.c:100:6: error: 'hash_test1' defined but not used [-Werror=unused-function]
 void hash_test1(){ // posición válida
      ^~~~~~~~~~
cc1.exe: all warnings being treated as errors
Compilation failed
45473ae
Sun Apr 10 20:39:28 HSP 2022: 
 hashmap.c | 4 ++--
 1 file changed, 2 insertions(+), 2 deletions(-)
test.c: In function 'nextMap':
test.c:453:5: error: 'main' is normally a non-static function [-Werror=main]
 int main( int argc, char *argv[] ) {
     ^~~~
test.c:511:1: error: expected declaration or statement at end of input
 }
 ^
test.c:511:1: error: control reaches end of non-void function [-Werror=return-type]
 }
 ^
At top level:
test.c:453:5: error: 'main' defined but not used [-Werror=unused-function]
 int main( int argc, char *argv[] ) {
     ^~~~
test.c:217:5: error: 'insert_test5' defined but not used [-Werror=unused-function]
 int insert_test5(){ //factor de carga>0.7, se llama a función enlarge
     ^~~~~~~~~~~~
test.c:131:6: error: 'compare_test' defined but not used [-Werror=unused-function]
 void compare_test(){
      ^~~~~~~~~~~~
test.c:125:6: error: 'hash_test3' defined but not used [-Werror=unused-function]
 void hash_test3(){ //no random
      ^~~~~~~~~~
test.c:111:6: error: 'hash_test2' defined but not used [-Werror=unused-function]
 void hash_test2(){ // colisiones
      ^~~~~~~~~~
test.c:100:6: error: 'hash_test1' defined but not used [-Werror=unused-function]
 void hash_test1(){ // posición válida
      ^~~~~~~~~~
cc1.exe: all warnings being treated as errors
Compilation failed
0fd5c2b
Sun Apr 10 21:00:10 HSP 2022: 
 hashmap.c | 5 +++--
 1 file changed, 3 insertions(+), 2 deletions(-)
In file included from test.c:4:0:
hashmap.c: In function 'nextMap':
hashmap.c:138:1: error: control reaches end of non-void function [-Werror=return-type]
 }
 ^
cc1.exe: all warnings being treated as errors
Compilation failed
75ade71
Sun Apr 10 21:01:56 HSP 2022: 
 hashmap.c | 4 ++--
 1 file changed, 2 insertions(+), 2 deletions(-)
In file included from test.c:4:0:
hashmap.c: In function 'nextMap':
hashmap.c:138:1: error: control reaches end of non-void function [-Werror=return-type]
 }
 ^
cc1.exe: all warnings being treated as errors
Compilation failed
5d63a38
Sun Apr 10 21:06:06 HSP 2022: 
 hashmap.c | 2 +-
 1 file changed, 1 insertion(+), 1 deletion(-)
In file included from test.c:4:0:
hashmap.c: In function 'nextMap':
hashmap.c:138:1: error: control reaches end of non-void function [-Werror=return-type]
 }
 ^
cc1.exe: all warnings being treated as errors
Compilation failed
eafb0fa
Sun Apr 10 21:11:25 HSP 2022: 
 hashmap.c | 4 ++--
 1 file changed, 2 insertions(+), 2 deletions(-)
 tests:  0|0
9df39ca
Sun Apr 10 21:19:17 HSP 2022: 
 hashmap.c | 6 +++---
 1 file changed, 3 insertions(+), 3 deletions(-)
 tests:  13|2
total_score: 50/70
440d6db
Sun Apr 10 21:20:10 HSP 2022: 
 hashmap.c | 3 ++-
 1 file changed, 2 insertions(+), 1 deletion(-)
 tests:  12|2
total_score: 50/70
7c01555
Sun Apr 10 21:20:23 HSP 2022: 
 hashmap.c | 3 ++-
 1 file changed, 2 insertions(+), 1 deletion(-)
 tests:  12|2
total_score: 50/70
c0c2737
Sun Apr 10 21:44:08 HSP 2022: 
 hashmap.c | 5 ++---
 1 file changed, 2 insertions(+), 3 deletions(-)
 tests:  12|2
total_score: 50/70
5c0d75e
Sun Apr 10 23:08:46 HSP 2022: 
 hashmap.c | 13 +++++++++++++
 1 file changed, 13 insertions(+)
c:/mingw/bin/../lib/gcc/mingw32/6.3.0/../../../../mingw32/bin/ld.exe: cannot open output file a.out: Permission denied
collect2.exe: error: ld returned 1 exit status
Compilation failed
c81e0fd
Sun Apr 10 23:09:39 HSP 2022: 
 hashmap.c | 4 ++--
 1 file changed, 2 insertions(+), 2 deletions(-)
In file included from test.c:4:0:
hashmap.c: In function 'enlarge':
hashmap.c:77:6: error: "/*" within comment [-Werror=comment]
     }/*
       
hashmap.c:79:5: error: "/*" within comment [-Werror=comment]
     /*
      
cc1.exe: all warnings being treated as errors
Compilation failed
1c6a924
Sun Apr 10 23:12:14 HSP 2022: 
 hashmap.c | 9 +++++++--
 1 file changed, 7 insertions(+), 2 deletions(-)
c:/mingw/bin/../lib/gcc/mingw32/6.3.0/../../../../mingw32/bin/ld.exe: cannot open output file a.out: Permission denied
collect2.exe: error: ld returned 1 exit status
Compilation failed
2fb9829
Sun Apr 10 23:12:50 HSP 2022: 
 hashmap.c | 2 ++
 1 file changed, 2 insertions(+)
c:/mingw/bin/../lib/gcc/mingw32/6.3.0/../../../../mingw32/bin/ld.exe: cannot open output file a.out: Permission denied
collect2.exe: error: ld returned 1 exit status
Compilation failed
a86ea77
Sun Apr 10 23:15:55 HSP 2022: 
 hashmap.c | 12 ++++++------
 1 file changed, 6 insertions(+), 6 deletions(-)
c:/mingw/bin/../lib/gcc/mingw32/6.3.0/../../../../mingw32/bin/ld.exe: cannot open output file a.out: Permission denied
collect2.exe: error: ld returned 1 exit status
Compilation failed
84ac787
Sun Apr 10 23:24:52 HSP 2022: 
 hashmap.c | 35 ++++++++++++++++-------------------
 1 file changed, 16 insertions(+), 19 deletions(-)
C:\Users\gabop\AppData\Local\Temp\ccw3W2KB.o:test.c:(.text+0x1177): undefined reference to `firstMap'
C:\Users\gabop\AppData\Local\Temp\ccw3W2KB.o:test.c:(.text+0x1214): undefined reference to `firstMap'
C:\Users\gabop\AppData\Local\Temp\ccw3W2KB.o:test.c:(.text+0x1299): undefined reference to `nextMap'
C:\Users\gabop\AppData\Local\Temp\ccw3W2KB.o:test.c:(.text+0x130d): undefined reference to `nextMap'
C:\Users\gabop\AppData\Local\Temp\ccw3W2KB.o:test.c:(.text+0x1353): undefined reference to `nextMap'
collect2.exe: error: ld returned 1 exit status
Compilation failed
dd55d6f
Sun Apr 10 23:26:56 HSP 2022: 
 hashmap.c | 12 ++++++------
 1 file changed, 6 insertions(+), 6 deletions(-)
c:/mingw/bin/../lib/gcc/mingw32/6.3.0/../../../../mingw32/bin/ld.exe: cannot open output file a.out: Permission denied
collect2.exe: error: ld returned 1 exit status
Compilation failed
25846a2
Sun Apr 10 23:28:36 HSP 2022: 
 hashmap.c | 26 +++++++++++++-------------
 1 file changed, 13 insertions(+), 13 deletions(-)
 tests:  11|2
total_score: 50/70
1527cec
Sun Apr 10 23:29:19 HSP 2022: 
 hashmap.c | 27 +++++++++++++--------------
 1 file changed, 13 insertions(+), 14 deletions(-)
 tests:  12|2
total_score: 50/70
9b1c413
Sun Apr 10 23:49:42 HSP 2022: 
 hashmap.c | 10 ++++++----
 1 file changed, 6 insertions(+), 4 deletions(-)
c:/mingw/bin/../lib/gcc/mingw32/6.3.0/../../../../mingw32/bin/ld.exe: cannot open output file a.out: Permission denied
collect2.exe: error: ld returned 1 exit status
Compilation failed
ecdfcc7
